-------------------------------------------------------------------------------
Test set: fact.it.supermarktproject.PersoonTests
-------------------------------------------------------------------------------
Tests run: 4, Failures: 0, Errors: 4, Skipped: 0, Time elapsed: 0.625 s <<< FAILURE! - in fact.it.supermarktproject.PersoonTests
testConstructorEnGetters  Time elapsed: 0 s  <<< ERROR!
java.lang.IllegalStateException: Failed to load ApplicationContext
Caused by: org.springframework.beans.factory.BeanCreationException: Error creating bean with name 'mainController': Invocation of init method failed; nested exception is java.lang.NullPointerException
Caused by: java.lang.NullPointerException

testToString  Time elapsed: 0 s  <<< ERROR!
java.lang.IllegalStateException: Failed to load ApplicationContext
Caused by: org.springframework.beans.factory.BeanCreationException: Error creating bean with name 'mainController': Invocation of init method failed; nested exception is java.lang.NullPointerException
Caused by: java.lang.NullPointerException

testSetFamilienaam  Time elapsed: 0 s  <<< ERROR!
java.lang.IllegalStateException: Failed to load ApplicationContext
Caused by: org.springframework.beans.factory.BeanCreationException: Error creating bean with name 'mainController': Invocation of init method failed; nested exception is java.lang.NullPointerException
Caused by: java.lang.NullPointerException

testSetVoornaam  Time elapsed: 0 s  <<< ERROR!
java.lang.IllegalStateException: Failed to load ApplicationContext
Caused by: org.springframework.beans.factory.BeanCreationException: Error creating bean with name 'mainController': Invocation of init method failed; nested exception is java.lang.NullPointerException
Caused by: java.lang.NullPointerException

