-------------------------------------------------------------------------------
Test set: fact.it.supermarktproject.PersoneelslidTests
-------------------------------------------------------------------------------
Tests run: 3, Failures: 0, Errors: 3, Skipped: 0, Time elapsed: 0.463 s <<< FAILURE! - in fact.it.supermarktproject.PersoneelslidTests
testConstructorEnGetters  Time elapsed: 0.001 s  <<< ERROR!
java.lang.IllegalStateException: Failed to load ApplicationContext
Caused by: org.springframework.beans.factory.BeanCreationException: Error creating bean with name 'mainController': Invocation of init method failed; nested exception is java.lang.NullPointerException
Caused by: java.lang.NullPointerException

testToString  Time elapsed: 0 s  <<< ERROR!
java.lang.IllegalStateException: Failed to load ApplicationContext
Caused by: org.springframework.beans.factory.BeanCreationException: Error creating bean with name 'mainController': Invocation of init method failed; nested exception is java.lang.NullPointerException
Caused by: java.lang.NullPointerException

testToString2  Time elapsed: 0 s  <<< ERROR!
java.lang.IllegalStateException: Failed to load ApplicationContext
Caused by: org.springframework.beans.factory.BeanCreationException: Error creating bean with name 'mainController': Invocation of init method failed; nested exception is java.lang.NullPointerException
Caused by: java.lang.NullPointerException

