-------------------------------------------------------------------------------
Test set: fact.it.supermarktproject.AfdelingTests
-------------------------------------------------------------------------------
Tests run: 5, Failures: 0, Errors: 5, Skipped: 0, Time elapsed: 2.65 s <<< FAILURE! - in fact.it.supermarktproject.AfdelingTests
testSetGekoeld  Time elapsed: 0.003 s  <<< ERROR!
java.lang.IllegalStateException: Failed to load ApplicationContext
Caused by: org.springframework.beans.factory.BeanCreationException: Error creating bean with name 'mainController': Invocation of init method failed; nested exception is java.lang.NullPointerException
Caused by: java.lang.NullPointerException

testConstructorEnGetters  Time elapsed: 0 s  <<< ERROR!
java.lang.IllegalStateException: Failed to load ApplicationContext
Caused by: org.springframework.beans.factory.BeanCreationException: Error creating bean with name 'mainController': Invocation of init method failed; nested exception is java.lang.NullPointerException
Caused by: java.lang.NullPointerException

testVerantwoordelijke  Time elapsed: 0 s  <<< ERROR!
java.lang.IllegalStateException: Failed to load ApplicationContext
Caused by: org.springframework.beans.factory.BeanCreationException: Error creating bean with name 'mainController': Invocation of init method failed; nested exception is java.lang.NullPointerException
Caused by: java.lang.NullPointerException

testSetFoto  Time elapsed: 0 s  <<< ERROR!
java.lang.IllegalStateException: Failed to load ApplicationContext
Caused by: org.springframework.beans.factory.BeanCreationException: Error creating bean with name 'mainController': Invocation of init method failed; nested exception is java.lang.NullPointerException
Caused by: java.lang.NullPointerException

testSetNaam  Time elapsed: 0 s  <<< ERROR!
java.lang.IllegalStateException: Failed to load ApplicationContext
Caused by: org.springframework.beans.factory.BeanCreationException: Error creating bean with name 'mainController': Invocation of init method failed; nested exception is java.lang.NullPointerException
Caused by: java.lang.NullPointerException

